<?xml version="1.0" encoding="UTF-8"?>
<!-- Generated by org.testng.reporters.JUnitXMLReporter -->
<testsuite ignored="2" hostname="BLR-STR-DEEPAN" failures="1" tests="10" name="Regression Testing" time="22.916" errors="0" timestamp="2019-10-16T10:33:20 IST">
  <testcase classname="com.stackroute.testcases.LoginTest" name="sample1_from_loginTest" time="0.007"/>
  <testcase classname="com.stackroute.testcases.LoginTest" name="sample2_from_loginTest" time="0.002"/>
  <testcase classname="com.stackroute.testcases.TestClass_3" name="sample1_from_testclass_3" time="0.002"/>
  <testcase classname="com.stackroute.testcases.TestClass_3" name="sample2_from_testclass_3" time="0.003"/>
  <testcase classname="com.stackroute.testcases.TestClass_3" name="sample3_from_testclass_3" time="0.002"/>
  <testcase classname="com.stackroute.testcases.TestClass_4" name="sample1_from_testclass_4" time="0.001"/>
  <testcase classname="com.stackroute.testcases.TestClass_4" name="sample2_from_testclass_4" time="0.002"/>
  <testcase classname="com.stackroute.testcases.TestClass_4" name="sample3_from_testclass_4" time="0.002"/>
  <testcase classname="com.stackroute.testcases.UserLoginValidationTest" name="sample1_from_user_validation" time="0.002">
    <failure type="java.lang.AssertionError" message="did not expect to find [true] but found [false]">
      <![CDATA[java.lang.AssertionError: did not expect to find [true] but found [false]
at com.stackroute.testcases.UserLoginValidationTest.sample1_from_user_validation(UserLoginValidationTest.java:70)
at java.base/java.util.ArrayList.forEach(ArrayList.java:1540)
... Removed 31 stack frames]]>
    </failure>
  </testcase> <!-- sample1_from_user_validation -->
  <testcase classname="com.stackroute.testcases.UserLoginValidationTest" name="sample2_from_user_validation" time="0.0"/>
  <testcase classname="com.stackroute.testcases.LoginTest" name="f" time="0.0">
    <ignored/>
  </testcase> <!-- f -->
  <testcase classname="com.stackroute.testcases.UserLoginValidationTest" name="validateUser" time="0.0">
    <ignored/>
  </testcase> <!-- validateUser -->
</testsuite> <!-- Regression Testing -->
