<?xml version="1.0" encoding="UTF-8"?>
<!-- Generated by org.testng.reporters.JUnitXMLReporter -->
<testsuite ignored="2" hostname="BLR-STR-DEEPAN" failures="1" tests="2" name="User credentials validation" time="5.881" errors="0" timestamp="2019-10-16T10:14:22 IST">
  <testcase classname="com.stackroute.testcases.UserLoginValidationTest" name="sample1" time="0.009">
    <failure type="java.lang.AssertionError" message="did not expect to find [true] but found [false]">
      <![CDATA[java.lang.AssertionError: did not expect to find [true] but found [false]
at com.stackroute.testcases.UserLoginValidationTest.sample1(UserLoginValidationTest.java:75)
at java.base/java.util.ArrayList.forEach(ArrayList.java:1540)
... Removed 31 stack frames]]>
    </failure>
  </testcase> <!-- sample1 -->
  <testcase classname="com.stackroute.testcases.UserLoginValidationTest" name="sample2" time="0.001"/>
  <testcase classname="com.stackroute.testcases.UserLoginValidationTest" name="sample" time="0.0">
    <ignored/>
  </testcase> <!-- sample -->
  <testcase classname="com.stackroute.testcases.UserLoginValidationTest" name="validateUser" time="0.0">
    <ignored/>
  </testcase> <!-- validateUser -->
</testsuite> <!-- User credentials validation -->
