<?xml version="1.0" encoding="UTF-8"?>
<testng-results ignored="3" total="12" passed="8" failed="1" skipped="0">
  <reporter-output>
    <line>
      <![CDATA[sample1_from_loginTest started successfully]]>
    </line>
    <line>
      <![CDATA[sample1_from_loginTest SUCCESS]]>
    </line>
    <line>
      <![CDATA[sample1_from_testclass_3 started successfully]]>
    </line>
    <line>
      <![CDATA[sample1_from_testclass_3 SUCCESS]]>
    </line>
    <line>
      <![CDATA[sample2_from_testclass_3 started successfully]]>
    </line>
    <line>
      <![CDATA[sample2_from_testclass_3 SUCCESS]]>
    </line>
    <line>
      <![CDATA[sample3_from_testclass_3 started successfully]]>
    </line>
    <line>
      <![CDATA[sample3_from_testclass_3 SUCCESS]]>
    </line>
    <line>
      <![CDATA[sample1_from_testclass_4 started successfully]]>
    </line>
    <line>
      <![CDATA[sample1_from_testclass_4 SUCCESS]]>
    </line>
    <line>
      <![CDATA[sample2_from_testclass_4 started successfully]]>
    </line>
    <line>
      <![CDATA[sample2_from_testclass_4 SUCCESS]]>
    </line>
    <line>
      <![CDATA[sample3_from_testclass_4 started successfully]]>
    </line>
    <line>
      <![CDATA[sample3_from_testclass_4 SUCCESS]]>
    </line>
    <line>
      <![CDATA[sample1_from_user_validation started successfully]]>
    </line>
    <line>
      <![CDATA[sample1_from_user_validation Failed]]>
    </line>
    <line>
      <![CDATA[sample2_from_user_validation started successfully]]>
    </line>
    <line>
      <![CDATA[sample2_from_user_validation SUCCESS]]>
    </line>
  </reporter-output>
  <suite started-at="2019-10-16T11:50:48 IST" name="Login tests" finished-at="2019-10-16T11:51:15 IST" duration-ms="27385">
    <groups>
      <group name="smoke">
        <method signature="LoginTest.sample1_from_loginTest()[pri:0, instance:com.stackroute.testcases.LoginTest@27c86f2d]" name="sample1_from_loginTest" class="com.stackroute.testcases.LoginTest"/>
        <method signature="TestClass_3.sample1_from_testclass_3()[pri:0, instance:com.stackroute.testcases.TestClass_3@197d671]" name="sample1_from_testclass_3" class="com.stackroute.testcases.TestClass_3"/>
        <method signature="TestClass_4.sample1_from_testclass_4()[pri:0, instance:com.stackroute.testcases.TestClass_4@402e37bc]" name="sample1_from_testclass_4" class="com.stackroute.testcases.TestClass_4"/>
        <method signature="UserLoginValidationTest.sample1_from_user_validation()[pri:0, instance:com.stackroute.testcases.UserLoginValidationTest@79ad8b2f]" name="sample1_from_user_validation" class="com.stackroute.testcases.UserLoginValidationTest"/>
      </group> <!-- smoke -->
    </groups>
    <test started-at="2019-10-16T11:50:48 IST" name="Smoke Testing 2" finished-at="2019-10-16T11:51:15 IST" duration-ms="27385">
      <class name="com.stackroute.testcases.TestClass_3">
        <test-method is-config="true" signature="beforeClass()[pri:0, instance:com.stackroute.testcases.TestClass_3@197d671]" started-at="2019-10-16T11:50:56 IST" name="beforeClass" finished-at="2019-10-16T11:50:59 IST" duration-ms="3411" status="PASS">
          <reporter-output>
          </reporter-output>
        </test-method> <!-- beforeClass -->
        <test-method signature="sample1_from_testclass_3()[pri:0, instance:com.stackroute.testcases.TestClass_3@197d671]" started-at="2019-10-16T11:50:59 IST" name="sample1_from_testclass_3" finished-at="2019-10-16T11:50:59 IST" duration-ms="2" status="PASS">
          <reporter-output>
            <line>
              <![CDATA[sample1_from_testclass_3 started successfully]]>
            </line>
            <line>
              <![CDATA[sample1_from_testclass_3 SUCCESS]]>
            </line>
          </reporter-output>
        </test-method> <!-- sample1_from_testclass_3 -->
        <test-method signature="sample2_from_testclass_3()[pri:0, instance:com.stackroute.testcases.TestClass_3@197d671]" started-at="2019-10-16T11:50:59 IST" name="sample2_from_testclass_3" finished-at="2019-10-16T11:50:59 IST" duration-ms="2" status="PASS">
          <reporter-output>
            <line>
              <![CDATA[sample2_from_testclass_3 started successfully]]>
            </line>
            <line>
              <![CDATA[sample2_from_testclass_3 SUCCESS]]>
            </line>
          </reporter-output>
        </test-method> <!-- sample2_from_testclass_3 -->
        <test-method signature="sample3_from_testclass_3()[pri:0, instance:com.stackroute.testcases.TestClass_3@197d671]" started-at="2019-10-16T11:50:59 IST" name="sample3_from_testclass_3" finished-at="2019-10-16T11:50:59 IST" duration-ms="2" status="PASS">
          <reporter-output>
            <line>
              <![CDATA[sample3_from_testclass_3 started successfully]]>
            </line>
            <line>
              <![CDATA[sample3_from_testclass_3 SUCCESS]]>
            </line>
          </reporter-output>
        </test-method> <!-- sample3_from_testclass_3 -->
        <test-method is-config="true" signature="afterClass()[pri:0, instance:com.stackroute.testcases.TestClass_3@197d671]" started-at="2019-10-16T11:50:59 IST" name="afterClass" finished-at="2019-10-16T11:51:03 IST" duration-ms="3602" status="PASS">
          <reporter-output>
          </reporter-output>
        </test-method> <!-- afterClass -->
      </class> <!-- com.stackroute.testcases.TestClass_3 -->
      <class name="com.stackroute.testcases.UserLoginValidationTest">
        <test-method is-config="true" signature="beforeClass()[pri:0, instance:com.stackroute.testcases.UserLoginValidationTest@79ad8b2f]" started-at="2019-10-16T11:51:10 IST" name="beforeClass" finished-at="2019-10-16T11:51:14 IST" duration-ms="3587" status="PASS">
          <reporter-output>
          </reporter-output>
        </test-method> <!-- beforeClass -->
        <test-method signature="sample1_from_user_validation()[pri:0, instance:com.stackroute.testcases.UserLoginValidationTest@79ad8b2f]" started-at="2019-10-16T11:51:14 IST" name="sample1_from_user_validation" finished-at="2019-10-16T11:51:14 IST" duration-ms="2" status="FAIL">
          <exception class="java.lang.AssertionError">
            <message>
              <![CDATA[did not expect to find [true] but found [false]]]>
            </message>
            <full-stacktrace>
              <![CDATA[java.lang.AssertionError: did not expect to find [true] but found [false]
at org.testng.Assert.fail(Assert.java:97)
at org.testng.Assert.failNotEquals(Assert.java:969)
at org.testng.Assert.assertTrue(Assert.java:43)
at org.testng.Assert.assertTrue(Assert.java:53)
at com.stackroute.testcases.UserLoginValidationTest.sample1_from_user_validation(UserLoginValidationTest.java:71)
at java.base/jdk.internal.reflect.NativeMethodAccessorImpl.invoke0(Native Method)
at java.base/jdk.internal.reflect.NativeMethodAccessorImpl.invoke(NativeMethodAccessorImpl.java:62)
at java.base/jdk.internal.reflect.DelegatingMethodAccessorImpl.invoke(DelegatingMethodAccessorImpl.java:43)
at java.base/java.lang.reflect.Method.invoke(Method.java:566)
at org.testng.internal.MethodInvocationHelper.invokeMethod(MethodInvocationHelper.java:133)
at org.testng.internal.TestInvoker.invokeMethod(TestInvoker.java:584)
at org.testng.internal.TestInvoker.invokeTestMethod(TestInvoker.java:172)
at org.testng.internal.MethodRunner.runInSequence(MethodRunner.java:46)
at org.testng.internal.TestInvoker$MethodInvocationAgent.invoke(TestInvoker.java:804)
at org.testng.internal.TestInvoker.invokeTestMethods(TestInvoker.java:145)
at org.testng.internal.TestMethodWorker.invokeTestMethods(TestMethodWorker.java:146)
at org.testng.internal.TestMethodWorker.run(TestMethodWorker.java:128)
at java.base/java.util.ArrayList.forEach(ArrayList.java:1540)
at org.testng.TestRunner.privateRun(TestRunner.java:770)
at org.testng.TestRunner.run(TestRunner.java:591)
at org.testng.SuiteRunner.runTest(SuiteRunner.java:402)
at org.testng.SuiteRunner.runSequentially(SuiteRunner.java:396)
at org.testng.SuiteRunner.privateRun(SuiteRunner.java:355)
at org.testng.SuiteRunner.run(SuiteRunner.java:304)
at org.testng.SuiteRunnerWorker.runSuite(SuiteRunnerWorker.java:53)
at org.testng.SuiteRunnerWorker.run(SuiteRunnerWorker.java:96)
at org.testng.TestNG.runSuitesSequentially(TestNG.java:1180)
at org.testng.TestNG.runSuitesLocally(TestNG.java:1102)
at org.testng.TestNG.runSuites(TestNG.java:1032)
at org.testng.TestNG.run(TestNG.java:1000)
at org.testng.remote.AbstractRemoteTestNG.run(AbstractRemoteTestNG.java:115)
at org.testng.remote.RemoteTestNG.initAndRun(RemoteTestNG.java:251)
at org.testng.remote.RemoteTestNG.main(RemoteTestNG.java:77)
]]>
            </full-stacktrace>
          </exception> <!-- java.lang.AssertionError -->
          <reporter-output>
            <line>
              <![CDATA[sample1_from_user_validation started successfully]]>
            </line>
            <line>
              <![CDATA[sample1_from_user_validation Failed]]>
            </line>
          </reporter-output>
        </test-method> <!-- sample1_from_user_validation -->
        <test-method signature="sample2_from_user_validation()[pri:0, instance:com.stackroute.testcases.UserLoginValidationTest@79ad8b2f]" started-at="2019-10-16T11:51:14 IST" name="sample2_from_user_validation" finished-at="2019-10-16T11:51:14 IST" duration-ms="1" status="PASS">
          <reporter-output>
            <line>
              <![CDATA[sample2_from_user_validation started successfully]]>
            </line>
            <line>
              <![CDATA[sample2_from_user_validation SUCCESS]]>
            </line>
          </reporter-output>
        </test-method> <!-- sample2_from_user_validation -->
        <test-method is-config="true" signature="afterClass()[pri:0, instance:com.stackroute.testcases.UserLoginValidationTest@79ad8b2f]" started-at="2019-10-16T11:51:14 IST" name="afterClass" finished-at="2019-10-16T11:51:15 IST" duration-ms="1588" status="PASS">
          <reporter-output>
          </reporter-output>
        </test-method> <!-- afterClass -->
      </class> <!-- com.stackroute.testcases.UserLoginValidationTest -->
      <class name="com.stackroute.testcases.TestClass_4">
        <test-method is-config="true" signature="beforeClass()[pri:0, instance:com.stackroute.testcases.TestClass_4@402e37bc]" started-at="2019-10-16T11:51:03 IST" name="beforeClass" finished-at="2019-10-16T11:51:07 IST" duration-ms="3697" status="PASS">
          <reporter-output>
          </reporter-output>
        </test-method> <!-- beforeClass -->
        <test-method signature="sample1_from_testclass_4()[pri:0, instance:com.stackroute.testcases.TestClass_4@402e37bc]" started-at="2019-10-16T11:51:07 IST" name="sample1_from_testclass_4" finished-at="2019-10-16T11:51:07 IST" duration-ms="1" status="PASS">
          <reporter-output>
            <line>
              <![CDATA[sample1_from_testclass_4 started successfully]]>
            </line>
            <line>
              <![CDATA[sample1_from_testclass_4 SUCCESS]]>
            </line>
          </reporter-output>
        </test-method> <!-- sample1_from_testclass_4 -->
        <test-method signature="sample2_from_testclass_4()[pri:0, instance:com.stackroute.testcases.TestClass_4@402e37bc]" started-at="2019-10-16T11:51:07 IST" name="sample2_from_testclass_4" finished-at="2019-10-16T11:51:07 IST" duration-ms="1" status="PASS">
          <reporter-output>
            <line>
              <![CDATA[sample2_from_testclass_4 started successfully]]>
            </line>
            <line>
              <![CDATA[sample2_from_testclass_4 SUCCESS]]>
            </line>
          </reporter-output>
        </test-method> <!-- sample2_from_testclass_4 -->
        <test-method signature="sample3_from_testclass_4()[pri:0, instance:com.stackroute.testcases.TestClass_4@402e37bc]" started-at="2019-10-16T11:51:07 IST" name="sample3_from_testclass_4" finished-at="2019-10-16T11:51:07 IST" duration-ms="2" status="PASS">
          <reporter-output>
            <line>
              <![CDATA[sample3_from_testclass_4 started successfully]]>
            </line>
            <line>
              <![CDATA[sample3_from_testclass_4 SUCCESS]]>
            </line>
          </reporter-output>
        </test-method> <!-- sample3_from_testclass_4 -->
        <test-method is-config="true" signature="afterClass()[pri:0, instance:com.stackroute.testcases.TestClass_4@402e37bc]" started-at="2019-10-16T11:51:07 IST" name="afterClass" finished-at="2019-10-16T11:51:10 IST" duration-ms="3589" status="PASS">
          <reporter-output>
          </reporter-output>
        </test-method> <!-- afterClass -->
      </class> <!-- com.stackroute.testcases.TestClass_4 -->
      <class name="com.stackroute.testcases.LoginTest">
        <test-method is-config="true" signature="beforeClass()[pri:0, instance:com.stackroute.testcases.LoginTest@27c86f2d]" started-at="2019-10-16T11:50:48 IST" name="beforeClass" finished-at="2019-10-16T11:50:53 IST" duration-ms="4536" status="PASS">
          <reporter-output>
          </reporter-output>
        </test-method> <!-- beforeClass -->
        <test-method signature="sample1_from_loginTest()[pri:0, instance:com.stackroute.testcases.LoginTest@27c86f2d]" started-at="2019-10-16T11:50:53 IST" name="sample1_from_loginTest" finished-at="2019-10-16T11:50:53 IST" duration-ms="9" status="PASS">
          <reporter-output>
            <line>
              <![CDATA[sample1_from_loginTest started successfully]]>
            </line>
            <line>
              <![CDATA[sample1_from_loginTest SUCCESS]]>
            </line>
          </reporter-output>
        </test-method> <!-- sample1_from_loginTest -->
        <test-method is-config="true" signature="afterClass()[pri:0, instance:com.stackroute.testcases.LoginTest@27c86f2d]" started-at="2019-10-16T11:50:53 IST" name="afterClass" finished-at="2019-10-16T11:50:56 IST" duration-ms="3302" status="PASS">
          <reporter-output>
          </reporter-output>
        </test-method> <!-- afterClass -->
      </class> <!-- com.stackroute.testcases.LoginTest -->
    </test> <!-- Smoke Testing 2 -->
  </suite> <!-- Login tests -->
</testng-results>
